# JRE version: Java(TM) SE Runtime Environment (17.0.2+8) (build 17.0.2+8-LTS-86)
# Java VM: Java HotSpot(TM) 64-Bit Server VM (17.0.2+8-LTS-86, mixed mode, sharing, tiered, compressed oops, compressed class ptrs, g1 gc, windows-amd64)
GC Precious Log:
 CPUs: 4 total, 4 available
 Memory: 6059M
 Large Page Support: Disabled
 NUMA Support: Disabled
 Compressed Oops: Enabled (32-bit)
 Heap Region Size: 1M
 Heap Min Capacity: 8M
 Heap Initial Capacity: 96M
 Heap Max Capacity: 1516M
 Pre-touch: Disabled
 Parallel Workers: 4
 Concurrent Workers: 1
 Concurrent Refinement Workers: 4
 Periodic GC: Disabled
Heap:
 garbage-first heap   total 148480K, used 137503K [0x00000000a1400000, 0x0000000100000000)
  region size 1024K, 5 young (5120K), 1 survivors (1024K)
 Metaspace       used 38796K, committed 39104K, reserved 1089536K
  class space    used 4579K, committed 4736K, reserved 1048576K
GC Heap History (20 events):
Event: 14.572 GC heap before
{Heap before GC invocations=4 (full 0):
 garbage-first heap   total 27648K, used 17845K [0x00000000a1400000, 0x0000000100000000)
  region size 1024K, 14 young (14336K), 2 survivors (2048K)
 Metaspace       used 24138K, committed 24320K, reserved 1073152K
  class space    used 2840K, committed 2944K, reserved 1048576K
}
Event: 14.577 GC heap after
{Heap after GC invocations=5 (full 0):
 garbage-first heap   total 27648K, used 8436K [0x00000000a1400000, 0x0000000100000000)
  region size 1024K, 4 young (4096K), 4 survivors (4096K)
 Metaspace       used 24138K, committed 24320K, reserved 1073152K
  class space    used 2840K, committed 2944K, reserved 1048576K
}
Event: 14.610 GC heap before
{Heap before GC invocations=5 (full 0):
 garbage-first heap   total 27648K, used 9460K [0x00000000a1400000, 0x0000000100000000)
  region size 1024K, 5 young (5120K), 4 survivors (4096K)
 Metaspace       used 24307K, committed 24512K, reserved 1073152K
  class space    used 2866K, committed 2944K, reserved 1048576K
}
Event: 14.616 GC heap after
{Heap after GC invocations=6 (full 0):
 garbage-first heap   total 27648K, used 8637K [0x00000000a1400000, 0x0000000100000000)
  region size 1024K, 1 young (1024K), 1 survivors (1024K)
 Metaspace       used 24307K, committed 24512K, reserved 1073152K
  class space    used 2866K, committed 2944K, reserved 1048576K
}
Event: 16.651 GC heap before
{Heap before GC invocations=6 (full 0):
 garbage-first heap   total 27648K, used 16829K [0x00000000a1400000, 0x0000000100000000)
  region size 1024K, 10 young (10240K), 1 survivors (1024K)
 Metaspace       used 27610K, committed 27904K, reserved 1081344K
  class space    used 3316K, committed 3456K, reserved 1048576K
}
Event: 16.654 GC heap after
{Heap after GC invocations=7 (full 0):
 garbage-first heap   total 41984K, used 8838K [0x00000000a1400000, 0x0000000100000000)
  region size 1024K, 1 young (1024K), 1 survivors (1024K)
 Metaspace       used 27610K, committed 27904K, reserved 1081344K
  class space    used 3316K, committed 3456K, reserved 1048576K
}
Event: 17.486 GC heap before
{Heap before GC invocations=7 (full 0):
 garbage-first heap   total 41984K, used 25222K [0x00000000a1400000, 0x0000000100000000)
  region size 1024K, 18 young (18432K), 1 survivors (1024K)
 Metaspace       used 32789K, committed 33088K, reserved 1081344K
  class space    used 3890K, committed 4032K, reserved 1048576K
}
Event: 17.494 GC heap after
{Heap after GC invocations=8 (full 0):
 garbage-first heap   total 41984K, used 13581K [0x00000000a1400000, 0x0000000100000000)
  region size 1024K, 3 young (3072K), 3 survivors (3072K)
 Metaspace       used 32789K, committed 33088K, reserved 1081344K
  class space    used 3890K, committed 4032K, reserved 1048576K
}
Event: 18.498 GC heap before
{Heap before GC invocations=8 (full 0):
 garbage-first heap   total 41984K, used 26893K [0x00000000a1400000, 0x0000000100000000)
  region size 1024K, 16 young (16384K), 3 survivors (3072K)
 Metaspace       used 34249K, committed 34560K, reserved 1081344K
  class space    used 4064K, committed 4224K, reserved 1048576K
}
Event: 18.506 GC heap after
{Heap after GC invocations=9 (full 0):
 garbage-first heap   total 41984K, used 16074K [0x00000000a1400000, 0x0000000100000000)
  region size 1024K, 2 young (2048K), 2 survivors (2048K)
 Metaspace       used 34249K, committed 34560K, reserved 1081344K
  class space    used 4064K, committed 4224K, reserved 1048576K
}
Event: 18.926 GC heap before
{Heap before GC invocations=9 (full 0):
 garbage-first heap   total 41984K, used 20170K [0x00000000a1400000, 0x0000000100000000)
  region size 1024K, 7 young (7168K), 2 survivors (2048K)
 Metaspace       used 35727K, committed 35968K, reserved 1081344K
  class space    used 4236K, committed 4416K, reserved 1048576K
}
Event: 18.930 GC heap after
{Heap after GC invocations=10 (full 0):
 garbage-first heap   total 41984K, used 16874K [0x00000000a1400000, 0x0000000100000000)
  region size 1024K, 1 young (1024K), 1 survivors (1024K)
 Metaspace       used 35727K, committed 35968K, reserved 1081344K
  class space    used 4236K, committed 4416K, reserved 1048576K
}
Event: 19.709 GC heap before
{Heap before GC invocations=11 (full 0):
 garbage-first heap   total 41984K, used 35306K [0x00000000a1400000, 0x0000000100000000)
  region size 1024K, 13 young (13312K), 1 survivors (1024K)
 Metaspace       used 38350K, committed 38656K, reserved 1089536K
  class space    used 4559K, committed 4736K, reserved 1048576K
}
Event: 19.712 GC heap after
{Heap after GC invocations=12 (full 0):
 garbage-first heap   total 41984K, used 23723K [0x00000000a1400000, 0x0000000100000000)
  region size 1024K, 2 young (2048K), 2 survivors (2048K)
 Metaspace       used 38350K, committed 38656K, reserved 1089536K
  class space    used 4559K, committed 4736K, reserved 1048576K
}
Event: 19.779 GC heap before
{Heap before GC invocations=12 (full 0):
 garbage-first heap   total 44032K, used 36011K [0x00000000a1400000, 0x0000000100000000)
  region size 1024K, 3 young (3072K), 2 survivors (2048K)
 Metaspace       used 38462K, committed 38720K, reserved 1089536K
  class space    used 4569K, committed 4736K, reserved 1048576K
}
Event: 19.782 GC heap after
{Heap after GC invocations=13 (full 0):
 garbage-first heap   total 44032K, used 35354K [0x00000000a1400000, 0x0000000100000000)
  region size 1024K, 1 young (1024K), 1 survivors (1024K)
 Metaspace       used 38462K, committed 38720K, reserved 1089536K
  class space    used 4569K, committed 4736K, reserved 1048576K
}
Event: 19.895 GC heap before
{Heap before GC invocations=13 (full 0):
 garbage-first heap   total 50176K, used 41498K [0x00000000a1400000, 0x0000000100000000)
  region size 1024K, 2 young (2048K), 1 survivors (1024K)
 Metaspace       used 38546K, committed 38784K, reserved 1089536K
  class space    used 4572K, committed 4736K, reserved 1048576K
}
Event: 19.897 GC heap after
{Heap after GC invocations=14 (full 0):
 garbage-first heap   total 50176K, used 29080K [0x00000000a1400000, 0x0000000100000000)
  region size 1024K, 1 young (1024K), 1 survivors (1024K)
 Metaspace       used 38546K, committed 38784K, reserved 1089536K
  class space    used 4572K, committed 4736K, reserved 1048576K
}
Event: 23.976 GC heap before
{Heap before GC invocations=15 (full 0):
 garbage-first heap   total 104448K, used 94616K [0x00000000a1400000, 0x0000000100000000)
  region size 1024K, 7 young (7168K), 1 survivors (1024K)
 Metaspace       used 38737K, committed 39040K, reserved 1089536K
  class space    used 4577K, committed 4736K, reserved 1048576K
}
Event: 23.978 GC heap after
{Heap after GC invocations=16 (full 0):
 garbage-first heap   total 104448K, used 84379K [0x00000000a1400000, 0x0000000100000000)
  region size 1024K, 1 young (1024K), 1 survivors (1024K)
 Metaspace       used 38737K, committed 39040K, reserved 1089536K
  class space    used 4577K, committed 4736K, reserved 1048576K
}

